<?xml version="1.0" encoding="UTF-8"?>
<!-- Generated by org.testng.reporters.JUnitReportReporter -->
<testsuite name="guru_tests.loginTest" tests="1" time="34.475" ignored="0" failures="0" timestamp="19 Sep 2019 19:20:31 GMT" skipped="0" hostname="Rutuja" errors="0">
  <testcase name="login" time="34.475" classname="guru_tests.loginTest"/>
</testsuite> <!-- guru_tests.loginTest -->
