<?xml version="1.0" encoding="UTF-8"?>
<!-- Generated by org.testng.reporters.JUnitReportReporter -->
<testsuite hostname="Rutuja" name="guru_tests.loginTest" tests="1" failures="0" timestamp="21 Sep 2019 19:17:34 GMT" time="18.386" errors="0">
  <testcase name="login" time="18.386" classname="guru_tests.loginTest"/>
</testsuite> <!-- guru_tests.loginTest -->
