<?xml version="1.0" encoding="UTF-8"?>
<!-- Generated by org.testng.reporters.JUnitReportReporter -->
<testsuite hostname="Rutuja" name="guru_tests.SortMobile" tests="1" failures="0" timestamp="21 Sep 2019 19:39:04 GMT" time="12.457" errors="0">
  <testcase name="login" time="12.457" classname="guru_tests.SortMobile"/>
</testsuite> <!-- guru_tests.SortMobile -->
