<?xml version="1.0" encoding="UTF-8"?>
<!-- Generated by org.testng.reporters.JUnitReportReporter -->
<testsuite hostname="Rutuja" name="guru_tests.SortMobile" tests="1" failures="0" timestamp="21 Sep 2019 19:17:34 GMT" time="6.491" errors="0">
  <testcase name="login" time="6.491" classname="guru_tests.SortMobile"/>
</testsuite> <!-- guru_tests.SortMobile -->
